<?xml version="1.0" encoding="UTF-8"?>
<!-- Generated by org.testng.reporters.JUnitReportReporter -->
<testsuite hostname="DESKTOP-5TLNN6V" failures="0" tests="3" name="com.qa.opencart.test.HomePageTest" time="0.594" errors="0" timestamp="17 Mar 2023 10:46:52 GMT" skipped="0">
  <testcase classname="com.qa.opencart.test.HomePageTest" name="homePageTitleTest" time="0.019"/>
  <testcase classname="com.qa.opencart.test.HomePageTest" name="homepageUrlTest" time="0.003"/>
  <testcase classname="com.qa.opencart.test.HomePageTest" name="searchTest" time="0.572"/>
</testsuite> <!-- com.qa.opencart.test.HomePageTest -->
